<?xml version="1.0" encoding="UTF-8"?>
<!-- Generated by org.testng.reporters.JUnitXMLReporter -->
<testsuite ignored="0" hostname="blr-nandan.a" failures="0" tests="4" name="Tests" time="4.955" errors="0" timestamp="2020-03-31T19:47:21 IST">
  <testcase classname="com.io.tests.Workflow4" name="postUserCreation" time="3.143"/>
  <testcase classname="com.io.tests.Workflow4" name="getUserCreated" time="0.363"/>
  <testcase classname="com.io.tests.Workflow4" name="putUserCreated" time="0.651"/>
  <testcase classname="com.io.tests.Workflow4" name="deleteUserCreated" time="0.653"/>
</testsuite> <!-- Tests -->
