<?xml version="1.0" encoding="UTF-8"?>
<testsuite xmlns:xsi="http://www.w3.org/2001/XMLSchema-instance" xsi:noNamespaceSchemaLocation="https://maven.apache.org/surefire/maven-surefire-plugin/xsd/surefire-test-report.xsd" name="TestSuite" time="5.642" tests="4" errors="0" skipped="0" failures="0">
  <properties>
[...]
</properties>
  <testcase name="postUserCreation" classname="com.io.tests.Workflow4" time="3.113"/>
  <testcase name="getUserCreated" classname="com.io.tests.Workflow4" time="0.362"/>
  <testcase name="putUserCreated" classname="com.io.tests.Workflow4" time="0.648"/>
  <testcase name="deleteUserCreated" classname="com.io.tests.Workflow4" time="0.653"/>
</testsuite>